<?xml version="1.0" encoding="UTF-8"?>
<!-- Generated by org.testng.reporters.JUnitXMLReporter -->
<testsuite ignored="0" hostname="DESKTOP-F4ND7BQ" failures="1" tests="4" name="ChromeTest" time="46.972" errors="0" timestamp="13 May 2021 00:38:26 GMT">
  <testcase classname="com.project.April6PMMavenSelenium.RadioButton1" name="radioButtonTest" time="0.478"/>
  <testcase classname="com.project.April6PMMavenSelenium.CheckBox1" name="checkboxTest" time="0.351"/>
  <testcase classname="com.project.April6PMMavenSelenium.TNG_003" name="amazon" time="6.434"/>
  <testcase classname="com.project.April6PMMavenSelenium.LinksTesting1" name="linktesting1" time="2.867">
    <failure type="java.lang.AssertionError" message="expected [???? ?????] but found [Google Images]">
      <![CDATA[java.lang.AssertionError: expected [???? ?????] but found [Google Images]
at com.project.April6PMMavenSelenium.LinksTesting1.linktesting1(LinksTesting1.java:49)
... Removed 31 stack frames]]>
    </failure>
  </testcase> <!-- linktesting1 -->
</testsuite> <!-- ChromeTest -->
