<?xml version="1.0" encoding="UTF-8"?>
<!-- Generated by org.testng.reporters.JUnitXMLReporter -->
<testsuite ignored="0" hostname="DESKTOP-F4ND7BQ" failures="1" tests="4" name="SampleTest" time="331.985" errors="0" timestamp="09 May 2021 02:00:59 GMT">
  <testcase classname="com.project.April6PMMavenSelenium.RadioButton1" name="radioButtonTest" time="0.197"/>
  <testcase classname="com.project.April6PMMavenSelenium.CheckBox1" name="checkboxTest" time="0.226"/>
  <testcase classname="com.project.April6PMMavenSelenium.TNG_003" name="amazon" time="7.741"/>
  <testcase classname="com.project.April6PMMavenSelenium.LinksTesting1" name="linktesting1" time="14.499">
    <failure type="java.lang.AssertionError" message="expected [???? ?????] but found [Google Images]">
      <![CDATA[java.lang.AssertionError: expected [???? ?????] but found [Google Images]
at com.project.April6PMMavenSelenium.LinksTesting1.linktesting1(LinksTesting1.java:49)
... Removed 31 stack frames]]>
    </failure>
  </testcase> <!-- linktesting1 -->
</testsuite> <!-- SampleTest -->
